Handling lib "core"...
core: Checking out 2.11.0...
core: Done, hash 59c02b9a5039803b261a1b0e58079678ff53a3b1
core: Hash unchanged at 59c02b9a5039803b261a1b0e58079678ff53a3b1 (dir "/fwbuild-volumes/2.11.0/apps/bt-common/esp32/build_contexts/build_ctx_410092115/deps/core")
core: Prepared local dir: "/fwbuild-volumes/2.11.0/apps/bt-common/esp32/build_contexts/build_ctx_410092115/deps/core"
Handling lib "mongoose"...
Handling lib "vfs-fs-lfs"...
Handling lib "vfs-fs-spiffs"...
mongoose: Checking out 2.11.0...
vfs-fs-lfs: Checking out 2.11.0...
vfs-fs-spiffs: Checking out 2.11.0...
mongoose: Done, hash 2fc5106f605eeec0817935647ca1d845958ffcc4
vfs-fs-spiffs: Done, hash 17bc38527936dd8b5e7c38e8fa96a91c1a9d82fc
mongoose: Hash unchanged at 2fc5106f605eeec0817935647ca1d845958ffcc4 (dir "/fwbuild-volumes/2.11.0/apps/bt-common/esp32/build_contexts/build_ctx_410092115/deps/mongoose")
vfs-fs-lfs: Done, hash d4659010ad2e635e85b128dfe59d3d341e3b6aa2
mongoose: Prepared local dir: "/fwbuild-volumes/2.11.0/apps/bt-common/esp32/build_contexts/build_ctx_410092115/deps/mongoose"
vfs-fs-spiffs: Hash unchanged at 17bc38527936dd8b5e7c38e8fa96a91c1a9d82fc (dir "/fwbuild-volumes/2.11.0/apps/bt-common/esp32/build_contexts/build_ctx_410092115/deps/vfs-fs-spiffs")
vfs-fs-spiffs: Prepared local dir: "/fwbuild-volumes/2.11.0/apps/bt-common/esp32/build_contexts/build_ctx_410092115/deps/vfs-fs-spiffs"
vfs-fs-lfs: Hash unchanged at d4659010ad2e635e85b128dfe59d3d341e3b6aa2 (dir "/fwbuild-volumes/2.11.0/apps/bt-common/esp32/build_contexts/build_ctx_410092115/deps/vfs-fs-lfs")
vfs-fs-lfs: Prepared local dir: "/fwbuild-volumes/2.11.0/apps/bt-common/esp32/build_contexts/build_ctx_410092115/deps/vfs-fs-lfs"
Handling lib "vfs-common"...
vfs-common: Checking out 2.11.0...
vfs-common: Done, hash 39eacd34462423ae67e2333612635499fc48e7dc
vfs-common: Hash unchanged at 39eacd34462423ae67e2333612635499fc48e7dc (dir "/fwbuild-volumes/2.11.0/apps/bt-common/esp32/build_contexts/build_ctx_410092115/deps/vfs-common")
vfs-common: Prepared local dir: "/fwbuild-volumes/2.11.0/apps/bt-common/esp32/build_contexts/build_ctx_410092115/deps/vfs-common"
Handling lib "mbedtls"...
mbedtls: Checking out 2.11.0...
mbedtls: Done, hash a7f78627ce516675b9b3b0f3c86970b1981e4c0f
mbedtls: Hash unchanged at a7f78627ce516675b9b3b0f3c86970b1981e4c0f (dir "/fwbuild-volumes/2.11.0/apps/bt-common/esp32/build_contexts/build_ctx_410092115/deps/mbedtls")
mbedtls: Prepared local dir: "/fwbuild-volumes/2.11.0/apps/bt-common/esp32/build_contexts/build_ctx_410092115/deps/mbedtls"
Handling lib "atca"...
atca: Checking out 2.11.0...
atca: Done, hash feaaa86656be4451b27325ea7b95346d017fc74e
atca: Hash unchanged at feaaa86656be4451b27325ea7b95346d017fc74e (dir "/fwbuild-volumes/2.11.0/apps/bt-common/esp32/build_contexts/build_ctx_410092115/deps/atca")
atca: Prepared local dir: "/fwbuild-volumes/2.11.0/apps/bt-common/esp32/build_contexts/build_ctx_410092115/deps/atca"
Handling lib "i2c"...
i2c: Checking out 2.11.0...
i2c: Done, hash 484728e39116c639efdc38433cacc5bbfe43514b
i2c: Hash unchanged at 484728e39116c639efdc38433cacc5bbfe43514b (dir "/fwbuild-volumes/2.11.0/apps/bt-common/esp32/build_contexts/build_ctx_410092115/deps/i2c")
i2c: Prepared local dir: "/fwbuild-volumes/2.11.0/apps/bt-common/esp32/build_contexts/build_ctx_410092115/deps/i2c"
The flag --repo is not given, going to use mongoose-os repository
mongoose-os: Checking out 2.11.0...
mongoose-os: Done, hash 640ebcb65829a7925e39bc80278de15ffd55c1f2
Sources: [/fwbuild-volumes/2.11.0/apps/bt-common/esp32/build_contexts/build_ctx_410092115/src/mgos_bt.c /fwbuild-volumes/2.11.0/apps/bt-common/esp32/build_contexts/build_ctx_410092115/src/mgos_bt_gap.c /fwbuild-volumes/2.11.0/apps/bt-common/esp32/build_contexts/build_ctx_410092115/src/mgos_bt_js.c /fwbuild-volumes/2.11.0/apps/bt-common/esp32/build_contexts/build_ctx_410092115/src/esp32/esp32_bt.c /fwbuild-volumes/2.11.0/apps/bt-common/esp32/build_contexts/build_ctx_410092115/src/esp32/esp32_bt_gap.c /fwbuild-volumes/2.11.0/apps/bt-common/esp32/build_contexts/build_ctx_410092115/src/esp32/esp32_bt_gattc.c /fwbuild-volumes/2.11.0/apps/bt-common/esp32/build_contexts/build_ctx_410092115/src/esp32/esp32_bt_gatts.c]
Include dirs: [/fwbuild-volumes/2.11.0/apps/bt-common/esp32/build_contexts/build_ctx_410092115/deps/i2c/include /fwbuild-volumes/2.11.0/apps/bt-common/esp32/build_contexts/build_ctx_410092115/deps/atca/include /fwbuild-volumes/2.11.0/apps/bt-common/esp32/build_contexts/build_ctx_410092115/deps/atca/cryptoauthlib/lib /fwbuild-volumes/2.11.0/apps/bt-common/esp32/build_contexts/build_ctx_410092115/deps/mbedtls/include /fwbuild-volumes/2.11.0/apps/bt-common/esp32/build_contexts/build_ctx_410092115/deps/mbedtls/include/esp32 /fwbuild-volumes/2.11.0/apps/bt-common/esp32/build_contexts/build_ctx_410092115/deps/mbedtls/mbedtls/include /fwbuild-volumes/2.11.0/apps/bt-common/esp32/build_contexts/build_ctx_410092115/deps/vfs-common/include /fwbuild-volumes/2.11.0/apps/bt-common/esp32/build_contexts/build_ctx_410092115/deps/vfs-common/include/esp32 /fwbuild-volumes/2.11.0/apps/bt-common/esp32/build_contexts/build_ctx_410092115/deps/mongoose/include /fwbuild-volumes/2.11.0/apps/bt-common/esp32/build_contexts/build_ctx_410092115/deps/vfs-fs-lfs/include /fwbuild-volumes/2.11.0/apps/bt-common/esp32/build_contexts/build_ctx_410092115/deps/vfs-fs-spiffs/include /fwbuild-volumes/2.11.0/apps/bt-common/esp32/build_contexts/build_ctx_410092115/deps/vfs-fs-spiffs/include/spiffs /fwbuild-volumes/2.11.0/apps/bt-common/esp32/build_contexts/build_ctx_410092115/deps/vfs-fs-spiffs/include/esp32 /fwbuild-volumes/2.11.0/apps/bt-common/esp32/build_contexts/build_ctx_410092115/deps/core/include /fwbuild-volumes/2.11.0/apps/bt-common/esp32/build_contexts/build_ctx_410092115/deps/core/include/esp32 /fwbuild-volumes/2.11.0/apps/bt-common/esp32/build_contexts/build_ctx_410092115/include /fwbuild-volumes/2.11.0/apps/bt-common/esp32/build_contexts/build_ctx_410092115/include/esp32]
Binary libs: []
Building...
mount from "/fwbuild-volumes/2.11.0/apps/bt-common/esp32/build_contexts/build_ctx_410092115" to "/app"
mount from "/fwbuild-volumes/2.11.0/apps/bt-common/esp32/build_contexts/build_ctx_410092115/deps/modules/mongoose-os" to "/mongoose-os"
mount from "/fwbuild-volumes/2.11.0/apps/bt-common/esp32/build_contexts/build_ctx_410092115/deps/modules/mongoose-os" to "/fwbuild-volumes/2.11.0/apps/bt-common/esp32/build_contexts/build_ctx_410092115/deps/modules/mongoose-os"
mount from "/fwbuild-volumes/2.11.0/apps/bt-common/esp32/build_contexts/build_ctx_410092115/build" to "/fwbuild-volumes/2.11.0/apps/bt-common/esp32/build_contexts/build_ctx_410092115/build"
mount from "/fwbuild-volumes/2.11.0/apps/bt-common/esp32/build_contexts/build_ctx_410092115/src" to "/fwbuild-volumes/2.11.0/apps/bt-common/esp32/build_contexts/build_ctx_410092115/src"
mount from "/fwbuild-volumes/2.11.0/apps/bt-common/esp32/build_contexts/build_ctx_410092115/src/esp32" to "/fwbuild-volumes/2.11.0/apps/bt-common/esp32/build_contexts/build_ctx_410092115/src/esp32"
mount from "/fwbuild-volumes/2.11.0/apps/bt-common/esp32/build_contexts/build_ctx_410092115/deps/i2c/include" to "/fwbuild-volumes/2.11.0/apps/bt-common/esp32/build_contexts/build_ctx_410092115/deps/i2c/include"
mount from "/fwbuild-volumes/2.11.0/apps/bt-common/esp32/build_contexts/build_ctx_410092115/deps/atca/include" to "/fwbuild-volumes/2.11.0/apps/bt-common/esp32/build_contexts/build_ctx_410092115/deps/atca/include"
mount from "/fwbuild-volumes/2.11.0/apps/bt-common/esp32/build_contexts/build_ctx_410092115/deps/atca/cryptoauthlib/lib" to "/fwbuild-volumes/2.11.0/apps/bt-common/esp32/build_contexts/build_ctx_410092115/deps/atca/cryptoauthlib/lib"
mount from "/fwbuild-volumes/2.11.0/apps/bt-common/esp32/build_contexts/build_ctx_410092115/deps/mbedtls/include" to "/fwbuild-volumes/2.11.0/apps/bt-common/esp32/build_contexts/build_ctx_410092115/deps/mbedtls/include"
mount from "/fwbuild-volumes/2.11.0/apps/bt-common/esp32/build_contexts/build_ctx_410092115/deps/mbedtls/include/esp32" to "/fwbuild-volumes/2.11.0/apps/bt-common/esp32/build_contexts/build_ctx_410092115/deps/mbedtls/include/esp32"
mount from "/fwbuild-volumes/2.11.0/apps/bt-common/esp32/build_contexts/build_ctx_410092115/deps/mbedtls/mbedtls/include" to "/fwbuild-volumes/2.11.0/apps/bt-common/esp32/build_contexts/build_ctx_410092115/deps/mbedtls/mbedtls/include"
mount from "/fwbuild-volumes/2.11.0/apps/bt-common/esp32/build_contexts/build_ctx_410092115/deps/vfs-common/include" to "/fwbuild-volumes/2.11.0/apps/bt-common/esp32/build_contexts/build_ctx_410092115/deps/vfs-common/include"
mount from "/fwbuild-volumes/2.11.0/apps/bt-common/esp32/build_contexts/build_ctx_410092115/deps/vfs-common/include/esp32" to "/fwbuild-volumes/2.11.0/apps/bt-common/esp32/build_contexts/build_ctx_410092115/deps/vfs-common/include/esp32"
mount from "/fwbuild-volumes/2.11.0/apps/bt-common/esp32/build_contexts/build_ctx_410092115/deps/mongoose/include" to "/fwbuild-volumes/2.11.0/apps/bt-common/esp32/build_contexts/build_ctx_410092115/deps/mongoose/include"
mount from "/fwbuild-volumes/2.11.0/apps/bt-common/esp32/build_contexts/build_ctx_410092115/deps/vfs-fs-lfs/include" to "/fwbuild-volumes/2.11.0/apps/bt-common/esp32/build_contexts/build_ctx_410092115/deps/vfs-fs-lfs/include"
mount from "/fwbuild-volumes/2.11.0/apps/bt-common/esp32/build_contexts/build_ctx_410092115/deps/vfs-fs-spiffs/include" to "/fwbuild-volumes/2.11.0/apps/bt-common/esp32/build_contexts/build_ctx_410092115/deps/vfs-fs-spiffs/include"
mount from "/fwbuild-volumes/2.11.0/apps/bt-common/esp32/build_contexts/build_ctx_410092115/deps/vfs-fs-spiffs/include/spiffs" to "/fwbuild-volumes/2.11.0/apps/bt-common/esp32/build_contexts/build_ctx_410092115/deps/vfs-fs-spiffs/include/spiffs"
mount from "/fwbuild-volumes/2.11.0/apps/bt-common/esp32/build_contexts/build_ctx_410092115/deps/vfs-fs-spiffs/include/esp32" to "/fwbuild-volumes/2.11.0/apps/bt-common/esp32/build_contexts/build_ctx_410092115/deps/vfs-fs-spiffs/include/esp32"
mount from "/fwbuild-volumes/2.11.0/apps/bt-common/esp32/build_contexts/build_ctx_410092115/deps/core/include" to "/fwbuild-volumes/2.11.0/apps/bt-common/esp32/build_contexts/build_ctx_410092115/deps/core/include"
mount from "/fwbuild-volumes/2.11.0/apps/bt-common/esp32/build_contexts/build_ctx_410092115/include" to "/fwbuild-volumes/2.11.0/apps/bt-common/esp32/build_contexts/build_ctx_410092115/include"
mount from "/fwbuild-volumes/2.11.0/apps/bt-common/esp32/build_contexts/build_ctx_410092115/include/esp32" to "/fwbuild-volumes/2.11.0/apps/bt-common/esp32/build_contexts/build_ctx_410092115/include/esp32"
mount from "/fwbuild-volumes/2.11.0/apps/bt-common/esp32/build_contexts/build_ctx_410092115/build/gen" to "/fwbuild-volumes/2.11.0/apps/bt-common/esp32/build_contexts/build_ctx_410092115/build/gen"
Docker arguments: run --name mos_build_2019-02-05T16-47-50-00_1364294206355074054 --rm -i -v /fwbuild-volumes/2.11.0/apps/bt-common/esp32/build_contexts/build_ctx_410092115:/app -v /fwbuild-volumes/2.11.0/apps/bt-common/esp32/build_contexts/build_ctx_410092115/deps/modules/mongoose-os:/mongoose-os -v /fwbuild-volumes/2.11.0/apps/bt-common/esp32/build_contexts/build_ctx_410092115/deps/modules/mongoose-os:/fwbuild-volumes/2.11.0/apps/bt-common/esp32/build_contexts/build_ctx_410092115/deps/modules/mongoose-os -v /fwbuild-volumes/2.11.0/apps/bt-common/esp32/build_contexts/build_ctx_410092115/deps/mbedtls/mbedtls/include:/fwbuild-volumes/2.11.0/apps/bt-common/esp32/build_contexts/build_ctx_410092115/deps/mbedtls/mbedtls/include -v /fwbuild-volumes/2.11.0/apps/bt-common/esp32/build_contexts/build_ctx_410092115/deps/vfs-common/include:/fwbuild-volumes/2.11.0/apps/bt-common/esp32/build_contexts/build_ctx_410092115/deps/vfs-common/include -v /fwbuild-volumes/2.11.0/apps/bt-common/esp32/build_contexts/build_ctx_410092115/include:/fwbuild-volumes/2.11.0/apps/bt-common/esp32/build_contexts/build_ctx_410092115/include -v /fwbuild-volumes/2.11.0/apps/bt-common/esp32/build_contexts/build_ctx_410092115/deps/atca/include:/fwbuild-volumes/2.11.0/apps/bt-common/esp32/build_contexts/build_ctx_410092115/deps/atca/include -v /fwbuild-volumes/2.11.0/apps/bt-common/esp32/build_contexts/build_ctx_410092115/deps/mbedtls/include/esp32:/fwbuild-volumes/2.11.0/apps/bt-common/esp32/build_contexts/build_ctx_410092115/deps/mbedtls/include/esp32 -v /fwbuild-volumes/2.11.0/apps/bt-common/esp32/build_contexts/build_ctx_410092115/deps/vfs-common/include/esp32:/fwbuild-volumes/2.11.0/apps/bt-common/esp32/build_contexts/build_ctx_410092115/deps/vfs-common/include/esp32 -v /fwbuild-volumes/2.11.0/apps/bt-common/esp32/build_contexts/build_ctx_410092115/deps/vfs-fs-lfs/include:/fwbuild-volumes/2.11.0/apps/bt-common/esp32/build_contexts/build_ctx_410092115/deps/vfs-fs-lfs/include -v /fwbuild-volumes/2.11.0/apps/bt-common/esp32/build_contexts/build_ctx_410092115/deps/vfs-fs-spiffs/include/esp32:/fwbuild-volumes/2.11.0/apps/bt-common/esp32/build_contexts/build_ctx_410092115/deps/vfs-fs-spiffs/include/esp32 -v /fwbuild-volumes/2.11.0/apps/bt-common/esp32/build_contexts/build_ctx_410092115/deps/core/include:/fwbuild-volumes/2.11.0/apps/bt-common/esp32/build_contexts/build_ctx_410092115/deps/core/include -v /fwbuild-volumes/2.11.0/apps/bt-common/esp32/build_contexts/build_ctx_410092115/include/esp32:/fwbuild-volumes/2.11.0/apps/bt-common/esp32/build_contexts/build_ctx_410092115/include/esp32 -v /fwbuild-volumes/2.11.0/apps/bt-common/esp32/build_contexts/build_ctx_410092115/deps/atca/cryptoauthlib/lib:/fwbuild-volumes/2.11.0/apps/bt-common/esp32/build_contexts/build_ctx_410092115/deps/atca/cryptoauthlib/lib -v /fwbuild-volumes/2.11.0/apps/bt-common/esp32/build_contexts/build_ctx_410092115/deps/mbedtls/include:/fwbuild-volumes/2.11.0/apps/bt-common/esp32/build_contexts/build_ctx_410092115/deps/mbedtls/include -v /fwbuild-volumes/2.11.0/apps/bt-common/esp32/build_contexts/build_ctx_410092115/deps/mongoose/include:/fwbuild-volumes/2.11.0/apps/bt-common/esp32/build_contexts/build_ctx_410092115/deps/mongoose/include -v /fwbuild-volumes/2.11.0/apps/bt-common/esp32/build_contexts/build_ctx_410092115/deps/vfs-fs-spiffs/include:/fwbuild-volumes/2.11.0/apps/bt-common/esp32/build_contexts/build_ctx_410092115/deps/vfs-fs-spiffs/include -v /fwbuild-volumes/2.11.0/apps/bt-common/esp32/build_contexts/build_ctx_410092115/build/gen:/fwbuild-volumes/2.11.0/apps/bt-common/esp32/build_contexts/build_ctx_410092115/build/gen -v /fwbuild-volumes/2.11.0/apps/bt-common/esp32/build_contexts/build_ctx_410092115/build:/fwbuild-volumes/2.11.0/apps/bt-common/esp32/build_contexts/build_ctx_410092115/build -v /fwbuild-volumes/2.11.0/apps/bt-common/esp32/build_contexts/build_ctx_410092115/src:/fwbuild-volumes/2.11.0/apps/bt-common/esp32/build_contexts/build_ctx_410092115/src -v /fwbuild-volumes/2.11.0/apps/bt-common/esp32/build_contexts/build_ctx_410092115/src/esp32:/fwbuild-volumes/2.11.0/apps/bt-common/esp32/build_contexts/build_ctx_410092115/src/esp32 -v /fwbuild-volumes/2.11.0/apps/bt-common/esp32/build_contexts/build_ctx_410092115/deps/i2c/include:/fwbuild-volumes/2.11.0/apps/bt-common/esp32/build_contexts/build_ctx_410092115/deps/i2c/include -v /fwbuild-volumes/2.11.0/apps/bt-common/esp32/build_contexts/build_ctx_410092115/deps/vfs-fs-spiffs/include/spiffs:/fwbuild-volumes/2.11.0/apps/bt-common/esp32/build_contexts/build_ctx_410092115/deps/vfs-fs-spiffs/include/spiffs --user 0:0 docker.io/mgos/esp32-build:3.2-r1 /bin/bash -c nice make '-j' '8' '-C' '/app' '-f' '/mongoose-os/fw/platforms/esp32/Makefile.build' '/fwbuild-volumes/2.11.0/apps/bt-common/esp32/build_contexts/build_ctx_410092115/build/objs/moslib/libmoslib.a' 'MGOS_VARS_FILE=/fwbuild-volumes/2.11.0/apps/bt-common/esp32/build_contexts/build_ctx_410092115/build/gen/vars.mk' 'MGOS_MAIN_COMPONENT=moslib'
make: Entering directory '/app'
Toolchain path: /opt/Espressif/xtensa-esp32-elf/bin/xtensa-esp32-elf-gcc
Toolchain version: crosstool-ng-1.22.0-80-g6c4433a
Compiler version: 5.2.0
/mongoose-os/fw/platforms/esp32/Makefile.build:185: warning: overriding recipe for target 'defconfig'
/opt/Espressif/esp-idf/make/project_config.mk:76: warning: ignoring old recipe for target 'defconfig'
/mongoose-os/fw/platforms/esp32/Makefile.build:185: warning: overriding recipe for target 'menuconfig'
/opt/Espressif/esp-idf/make/project_config.mk:63: warning: ignoring old recipe for target 'menuconfig'
/mongoose-os/fw/platforms/esp32/Makefile.build:220: warning: overriding recipe for target 'clean'
/opt/Espressif/esp-idf/components/app_update/Makefile.projbuild:60: warning: ignoring old recipe for target 'clean'
make[1]: Entering directory '/fwbuild-volumes/2.11.0/apps/bt-common/esp32/build_contexts/build_ctx_410092115/build/objs/moslib'
  CC esp32_bt_gap.o
AR /fwbuild-volumes/2.11.0/apps/bt-common/esp32/build_contexts/build_ctx_410092115/build/objs/moslib/libmoslib.a
make[1]: Leaving directory '/fwbuild-volumes/2.11.0/apps/bt-common/esp32/build_contexts/build_ctx_410092115/build/objs/moslib'
make: Leaving directory '/app'
Lib saved to build/lib.a
